This file contains any messages produced by compilers while
running configure, to aid debugging if configure makes a mistake.

It was created by libpng configure 1.6.38.git, which was
generated by GNU Autoconf 2.69.  Invocation command line was

  $ ./configure --with-libpng-prefix=MAGMA_ --disable-shared

## --------- ##
## Platform. ##
## --------- ##

hostname = Amax
uname -m = x86_64
uname -r = 4.15.0-66-generic
uname -s = Linux
uname -v = #75~16.04.1-Ubuntu SMP Tue Oct 1 14:01:08 UTC 2019

/usr/bin/uname -p = unknown
/bin/uname -X     = unknown

/bin/arch              = unknown
/usr/bin/arch -k       = unknown
/usr/convex/getsysinfo = unknown
/usr/bin/hostinfo      = unknown
/bin/machine           = unknown
/usr/bin/oslevel       = unknown
/bin/universe          = unknown

PATH: /home/morangeous/.opam/system/bin
PATH: /home/morangeous/torch/install/bin
PATH: /home/morangeous/torch/install/bin
PATH: /home/morangeous/torch/install/bin
PATH: /home/morangeous/.vscode-server/bin/e18005f0f1b33c29e81d732535d8c0e47cafb0b5/bin/remote-cli
PATH: /home/morangeous/bin
PATH: /home/morangeous/.local/bin
PATH: /home/morangeous/torch/install/bin
PATH: /home/morangeous/miniconda2/condabin
PATH: /home/morangeous/bin
PATH: /home/morangeous/.local/bin
PATH: /usr/sbin
PATH: /usr/bin
PATH: /usr/local/sbin
PATH: /usr/local/bin
PATH: /sbin
PATH: /bin
PATH: /usr/games
PATH: /usr/local/games
PATH: /snap/bin
PATH: /home/morangeous/bin/
PATH: /home/morangeous/bin/
PATH: /home/morangeous/bin/
PATH: /home/morangeous/workspace/platform-tools/
PATH: /data/sda_18tdisk/morangeous/AndroidSDK/build-tools/23.0.1/
PATH: /data/sda_18tdisk/morangeous/AndroidSDK/emulator/
PATH: /data/sda_18tdisk/morangeous/AndroidSDK/tools/bin/
PATH: /data/sda_18tdisk/morangeous/AndroidSDK/platform-tools/
PATH: /data/morangeous/FuzzProject/CodeQL/codeql/


## ----------- ##
## Core tests. ##
## ----------- ##

configure:2370: checking for a BSD-compatible install
configure:2438: result: /usr/bin/install -c
configure:2449: checking whether build environment is sane
configure:2504: result: yes
configure:2655: checking for a thread-safe mkdir -p
configure:2694: result: /bin/mkdir -p
configure:2701: checking for gawk
configure:2717: found /usr/bin/gawk
configure:2728: result: gawk
configure:2739: checking whether make sets $(MAKE)
configure:2761: result: yes
configure:2790: checking whether make supports nested variables
configure:2807: result: yes
configure:2937: checking whether to enable maintainer-specific portions of Makefiles
configure:2946: result: no
configure:3026: checking for gcc
configure:3053: result: /data/sda_18tdisk/morangeous/Fuzzing/multi-dafl-code/DAFL/afl-clang-fast
configure:3282: checking for C compiler version
configure:3291: /data/sda_18tdisk/morangeous/Fuzzing/multi-dafl-code/DAFL/afl-clang-fast --version >&5
Ubuntu clang version 12.0.0-++20210319082646+4990141a4366-1~exp1~20210319193401.61
Target: x86_64-pc-linux-gnu
Thread model: posix
InstalledDir: /usr/bin
configure:3302: $? = 0
configure:3291: /data/sda_18tdisk/morangeous/Fuzzing/multi-dafl-code/DAFL/afl-clang-fast -v >&5
Ubuntu clang version 12.0.0-++20210319082646+4990141a4366-1~exp1~20210319193401.61
Target: x86_64-pc-linux-gnu
Thread model: posix
InstalledDir: /usr/bin
Found candidate GCC installation: /usr/bin/../lib/gcc/i686-linux-gnu/6
Found candidate GCC installation: /usr/bin/../lib/gcc/i686-linux-gnu/6.0.0
Found candidate GCC installation: /usr/bin/../lib/gcc/x86_64-linux-gnu/4.9
Found candidate GCC installation: /usr/bin/../lib/gcc/x86_64-linux-gnu/4.9.3
Found candidate GCC installation: /usr/bin/../lib/gcc/x86_64-linux-gnu/5
Found candidate GCC installation: /usr/bin/../lib/gcc/x86_64-linux-gnu/5.4.0
... rest of stderr output deleted ...
configure:3302: $? = 1
configure:3291: /data/sda_18tdisk/morangeous/Fuzzing/multi-dafl-code/DAFL/afl-clang-fast -V >&5
clang: error: unsupported option '-V -fno-omit-frame-pointer'
configure:3302: $? = 1
configure:3291: /data/sda_18tdisk/morangeous/Fuzzing/multi-dafl-code/DAFL/afl-clang-fast -qversion >&5
clang: error: unknown argument '-qversion'; did you mean '--version'?
configure:3302: $? = 1
configure:3322: checking whether the C compiler works
configure:3344: /data/sda_18tdisk/morangeous/Fuzzing/multi-dafl-code/DAFL/afl-clang-fast -g -fno-omit-frame-pointer -fcommon -Wno-error -fsanitize=address   conftest.c  >&5
[1;92m[+] [0mSelected blocks: 0, skipped blocks: 1. instrumented DFG nodes: 0[0m
configure:3348: $? = 0
configure:3396: result: yes
configure:3399: checking for C compiler default output file name
configure:3401: result: a.out
configure:3407: checking for suffix of executables
configure:3414: /data/sda_18tdisk/morangeous/Fuzzing/multi-dafl-code/DAFL/afl-clang-fast -o conftest -g -fno-omit-frame-pointer -fcommon -Wno-error -fsanitize=address   conftest.c  >&5
[1;92m[+] [0mSelected blocks: 0, skipped blocks: 1. instrumented DFG nodes: 0[0m
configure:3418: $? = 0
configure:3440: result: 
configure:3462: checking whether we are cross compiling
configure:3470: /data/sda_18tdisk/morangeous/Fuzzing/multi-dafl-code/DAFL/afl-clang-fast -o conftest -g -fno-omit-frame-pointer -fcommon -Wno-error -fsanitize=address   conftest.c  >&5
[1;92m[+] [0mSelected blocks: 0, skipped blocks: 3. instrumented DFG nodes: 0[0m
configure:3474: $? = 0
configure:3481: ./conftest
configure:3485: $? = 0
configure:3500: result: no
configure:3505: checking for suffix of object files
configure:3527: /data/sda_18tdisk/morangeous/Fuzzing/multi-dafl-code/DAFL/afl-clang-fast -c -g -fno-omit-frame-pointer -fcommon -Wno-error -fsanitize=address  conftest.c >&5
[1;92m[+] [0mSelected blocks: 0, skipped blocks: 1. instrumented DFG nodes: 0[0m
configure:3531: $? = 0
configure:3552: result: o
configure:3556: checking whether we are using the GNU C compiler
configure:3575: /data/sda_18tdisk/morangeous/Fuzzing/multi-dafl-code/DAFL/afl-clang-fast -c -g -fno-omit-frame-pointer -fcommon -Wno-error -fsanitize=address  conftest.c >&5
[1;92m[+] [0mSelected blocks: 0, skipped blocks: 1. instrumented DFG nodes: 0[0m
configure:3575: $? = 0
configure:3584: result: yes
configure:3593: checking whether /data/sda_18tdisk/morangeous/Fuzzing/multi-dafl-code/DAFL/afl-clang-fast accepts -g
configure:3613: /data/sda_18tdisk/morangeous/Fuzzing/multi-dafl-code/DAFL/afl-clang-fast -c -g  conftest.c >&5
[1;92m[+] [0mSelected blocks: 0, skipped blocks: 1. instrumented DFG nodes: 0[0m
configure:3613: $? = 0
configure: failed program was:
| /* confdefs.h */
| #define PACKAGE_NAME "libpng"
| #define PACKAGE_TARNAME "libpng"
| #define PACKAGE_VERSION "1.6.38.git"
| #define PACKAGE_STRING "libpng 1.6.38.git"
| #define PACKAGE_BUGREPORT "png-mng-implement@lists.sourceforge.net"
| #define PACKAGE_URL ""
| #define PACKAGE "libpng"
| #define VERSION "1.6.38.git"
| /* end confdefs.h.  */
| 
| int
| main ()
| {
| 
|   ;
|   return 0;
| }
configure:3628: /data/sda_18tdisk/morangeous/Fuzzing/multi-dafl-code/DAFL/afl-clang-fast -c   conftest.c >&5
[1;92m[+] [0mSelected blocks: 0, skipped blocks: 1. instrumented DFG nodes: 0[0m
configure:3628: $? = 0
configure: failed program was:
| /* confdefs.h */
| #define PACKAGE_NAME "libpng"
| #define PACKAGE_TARNAME "libpng"
| #define PACKAGE_VERSION "1.6.38.git"
| #define PACKAGE_STRING "libpng 1.6.38.git"
| #define PACKAGE_BUGREPORT "png-mng-implement@lists.sourceforge.net"
| #define PACKAGE_URL ""
| #define PACKAGE "libpng"
| #define VERSION "1.6.38.git"
| /* end confdefs.h.  */
| 
| int
| main ()
| {
| 
|   ;
|   return 0;
| }
configure:3644: /data/sda_18tdisk/morangeous/Fuzzing/multi-dafl-code/DAFL/afl-clang-fast -c -g  conftest.c >&5
[1;92m[+] [0mSelected blocks: 0, skipped blocks: 1. instrumented DFG nodes: 0[0m
configure:3644: $? = 0
configure:3654: result: yes
configure:3671: checking for /data/sda_18tdisk/morangeous/Fuzzing/multi-dafl-code/DAFL/afl-clang-fast option to accept ISO C89
configure:3734: /data/sda_18tdisk/morangeous/Fuzzing/multi-dafl-code/DAFL/afl-clang-fast  -c -g -fno-omit-frame-pointer -fcommon -Wno-error -fsanitize=address  conftest.c >&5
[1;92m[+] [0mSelected blocks: 0, skipped blocks: 8. instrumented DFG nodes: 0[0m
configure:3734: $? = 0
configure:3747: result: none needed
configure:3772: checking whether /data/sda_18tdisk/morangeous/Fuzzing/multi-dafl-code/DAFL/afl-clang-fast understands -c and -o together
configure:3794: /data/sda_18tdisk/morangeous/Fuzzing/multi-dafl-code/DAFL/afl-clang-fast -c conftest.c -o conftest2.o
[1;92m[+] [0mSelected blocks: 0, skipped blocks: 1. instrumented DFG nodes: 0[0m
configure:3797: $? = 0
configure:3794: /data/sda_18tdisk/morangeous/Fuzzing/multi-dafl-code/DAFL/afl-clang-fast -c conftest.c -o conftest2.o
[1;92m[+] [0mSelected blocks: 0, skipped blocks: 1. instrumented DFG nodes: 0[0m
configure:3797: $? = 0
configure:3809: result: yes
configure:3837: checking for style of include used by make
configure:3865: result: GNU
configure:3891: checking dependency style of /data/sda_18tdisk/morangeous/Fuzzing/multi-dafl-code/DAFL/afl-clang-fast
configure:4002: result: gcc3
configure:4026: checking dependency style of /data/sda_18tdisk/morangeous/Fuzzing/multi-dafl-code/DAFL/afl-clang-fast
configure:4135: result: gcc3
configure:4154: checking build system type
configure:4168: result: x86_64-pc-linux-gnu
configure:4188: checking host system type
configure:4201: result: x86_64-pc-linux-gnu
configure:4221: checking for a sed that does not truncate output
configure:4285: result: /usr/bin/sed
configure:4303: checking for grep that handles long lines and -e
configure:4361: result: /bin/grep
configure:4366: checking for egrep
configure:4428: result: /bin/grep -E
configure:4433: checking for fgrep
configure:4495: result: /bin/grep -F
configure:4522: checking how to print strings
configure:4549: result: printf
configure:4582: checking for ld used by /data/sda_18tdisk/morangeous/Fuzzing/multi-dafl-code/DAFL/afl-clang-fast
configure:4649: result: /usr/bin/ld
configure:4656: checking if the linker (/usr/bin/ld) is GNU ld
configure:4671: result: yes
configure:4688: checking how to run the C preprocessor
configure:4719: /data/sda_18tdisk/morangeous/Fuzzing/multi-dafl-code/DAFL/afl-clang-fast -E  conftest.c
configure:4719: $? = 0
configure:4733: /data/sda_18tdisk/morangeous/Fuzzing/multi-dafl-code/DAFL/afl-clang-fast -E  conftest.c
conftest.c:11:10: fatal error: 'ac_nonexistent.h' file not found
#include <ac_nonexistent.h>
         ^~~~~~~~~~~~~~~~~~
1 error generated.
configure:4733: $? = 1
configure: failed program was:
| /* confdefs.h */
| #define PACKAGE_NAME "libpng"
| #define PACKAGE_TARNAME "libpng"
| #define PACKAGE_VERSION "1.6.38.git"
| #define PACKAGE_STRING "libpng 1.6.38.git"
| #define PACKAGE_BUGREPORT "png-mng-implement@lists.sourceforge.net"
| #define PACKAGE_URL ""
| #define PACKAGE "libpng"
| #define VERSION "1.6.38.git"
| /* end confdefs.h.  */
| #include <ac_nonexistent.h>
configure:4758: result: /data/sda_18tdisk/morangeous/Fuzzing/multi-dafl-code/DAFL/afl-clang-fast -E
configure:4778: /data/sda_18tdisk/morangeous/Fuzzing/multi-dafl-code/DAFL/afl-clang-fast -E  conftest.c
configure:4778: $? = 0
configure:4792: /data/sda_18tdisk/morangeous/Fuzzing/multi-dafl-code/DAFL/afl-clang-fast -E  conftest.c
conftest.c:11:10: fatal error: 'ac_nonexistent.h' file not found
#include <ac_nonexistent.h>
         ^~~~~~~~~~~~~~~~~~
1 error generated.
configure:4792: $? = 1
configure: failed program was:
| /* confdefs.h */
| #define PACKAGE_NAME "libpng"
| #define PACKAGE_TARNAME "libpng"
| #define PACKAGE_VERSION "1.6.38.git"
| #define PACKAGE_STRING "libpng 1.6.38.git"
| #define PACKAGE_BUGREPORT "png-mng-implement@lists.sourceforge.net"
| #define PACKAGE_URL ""
| #define PACKAGE "libpng"
| #define VERSION "1.6.38.git"
| /* end confdefs.h.  */
| #include <ac_nonexistent.h>
configure:4824: checking for gawk
configure:4851: result: gawk
configure:4863: checking whether ln -s works
configure:4867: result: yes
configure:4874: checking whether make sets $(MAKE)
configure:4896: result: yes
configure:4948: checking for BSD- or MS-compatible name lister (nm)
configure:5002: result: /usr/bin/nm -B
configure:5132: checking the name lister (/usr/bin/nm -B) interface
configure:5139: /data/sda_18tdisk/morangeous/Fuzzing/multi-dafl-code/DAFL/afl-clang-fast -c -g -fno-omit-frame-pointer -fcommon -Wno-error -fsanitize=address  conftest.c >&5
[1;92m[+] [0mSelected blocks: 0, skipped blocks: 0. instrumented DFG nodes: 0[0m
configure:5142: /usr/bin/nm -B "conftest.o"
configure:5145: output
                 U __asan_init
                 U __asan_register_globals
                 U __asan_unregister_globals
                 U __asan_version_mismatch_check_v8
0000000000000000 d __unnamed_1
0000000000000000 t asan.module_ctor
0000000000000020 t asan.module_dtor
0000000000000000 B some_variable
configure:5152: result: BSD nm
configure:5156: checking the maximum length of command line arguments
configure:5287: result: 1572864
configure:5335: checking how to convert x86_64-pc-linux-gnu file names to x86_64-pc-linux-gnu format
configure:5375: result: func_convert_file_noop
configure:5382: checking how to convert x86_64-pc-linux-gnu file names to toolchain format
configure:5402: result: func_convert_file_noop
configure:5409: checking for /usr/bin/ld option to reload object files
configure:5416: result: -r
configure:5490: checking for objdump
configure:5506: found /usr/bin/objdump
configure:5517: result: objdump
configure:5546: checking how to recognize dependent libraries
configure:5746: result: pass_all
configure:5831: checking for dlltool
configure:5861: result: no
configure:5888: checking how to associate runtime and link libraries
configure:5915: result: printf %s\n
configure:5976: checking for ar
configure:5992: found /usr/bin/ar
configure:6003: result: ar
configure:6040: checking for archiver @FILE support
configure:6057: /data/sda_18tdisk/morangeous/Fuzzing/multi-dafl-code/DAFL/afl-clang-fast -c -g -fno-omit-frame-pointer -fcommon -Wno-error -fsanitize=address  conftest.c >&5
[1;92m[+] [0mSelected blocks: 0, skipped blocks: 1. instrumented DFG nodes: 0[0m
configure:6057: $? = 0
configure:6060: ar cru libconftest.a @conftest.lst >&5
ar: `u' modifier ignored since `D' is the default (see `U')
configure:6063: $? = 0
configure:6068: ar cru libconftest.a @conftest.lst >&5
ar: `u' modifier ignored since `D' is the default (see `U')
ar: conftest.o: No such file or directory
configure:6071: $? = 1
configure:6083: result: @
configure:6141: checking for strip
configure:6157: found /usr/bin/strip
configure:6168: result: strip
configure:6240: checking for ranlib
configure:6256: found /usr/bin/ranlib
configure:6267: result: ranlib
configure:6369: checking command to parse /usr/bin/nm -B output from /data/sda_18tdisk/morangeous/Fuzzing/multi-dafl-code/DAFL/afl-clang-fast object
configure:6522: /data/sda_18tdisk/morangeous/Fuzzing/multi-dafl-code/DAFL/afl-clang-fast -c -g -fno-omit-frame-pointer -fcommon -Wno-error -fsanitize=address  conftest.c >&5
[1;92m[+] [0mSelected blocks: 0, skipped blocks: 2. instrumented DFG nodes: 0[0m
configure:6525: $? = 0
configure:6529: /usr/bin/nm -B conftest.o \| sed -n -e 's/^.*[ ]\([ABCDGIRSTW][ABCDGIRSTW]*\)[ ][ ]*\([_A-Za-z][_A-Za-z0-9]*\)$/\1 \2 \2/p' | sed '/ __gnu_lto/d' \> conftest.nm
configure:6532: $? = 0
configure:6598: /data/sda_18tdisk/morangeous/Fuzzing/multi-dafl-code/DAFL/afl-clang-fast -o conftest -g -fno-omit-frame-pointer -fcommon -Wno-error -fsanitize=address   conftest.c conftstm.o >&5
[1;92m[+] [0mSelected blocks: 0, skipped blocks: 0. instrumented DFG nodes: 0[0m
configure:6601: $? = 0
configure:6639: result: ok
configure:6686: checking for sysroot
configure:6716: result: no
configure:6723: checking for a working dd
configure:6761: result: /bin/dd
configure:6765: checking how to truncate binary pipes
configure:6780: result: /bin/dd bs=4096 count=1
configure:6916: /data/sda_18tdisk/morangeous/Fuzzing/multi-dafl-code/DAFL/afl-clang-fast -c -g -fno-omit-frame-pointer -fcommon -Wno-error -fsanitize=address  conftest.c >&5
[1;92m[+] [0mSelected blocks: 0, skipped blocks: 0. instrumented DFG nodes: 0[0m
configure:6919: $? = 0
configure:7109: checking for mt
configure:7125: found /bin/mt
configure:7136: result: mt
configure:7159: checking if mt is a manifest tool
configure:7165: mt '-?'
configure:7173: result: no
configure:7846: checking for ANSI C header files
configure:7866: /data/sda_18tdisk/morangeous/Fuzzing/multi-dafl-code/DAFL/afl-clang-fast -c -g -fno-omit-frame-pointer -fcommon -Wno-error -fsanitize=address  conftest.c >&5
[1;92m[+] [0mSelected blocks: 0, skipped blocks: 1. instrumented DFG nodes: 0[0m
configure:7866: $? = 0
configure:7939: /data/sda_18tdisk/morangeous/Fuzzing/multi-dafl-code/DAFL/afl-clang-fast -o conftest -g -fno-omit-frame-pointer -fcommon -Wno-error -fsanitize=address   conftest.c  >&5
[1;92m[+] [0mSelected blocks: 0, skipped blocks: 29. instrumented DFG nodes: 0[0m
configure:7939: $? = 0
configure:7939: ./conftest
configure:7939: $? = 0
configure:7950: result: yes
configure:7963: checking for sys/types.h
configure:7963: /data/sda_18tdisk/morangeous/Fuzzing/multi-dafl-code/DAFL/afl-clang-fast -c -g -fno-omit-frame-pointer -fcommon -Wno-error -fsanitize=address  conftest.c >&5
[1;92m[+] [0mSelected blocks: 0, skipped blocks: 0. instrumented DFG nodes: 0[0m
configure:7963: $? = 0
configure:7963: result: yes
configure:7963: checking for sys/stat.h
configure:7963: /data/sda_18tdisk/morangeous/Fuzzing/multi-dafl-code/DAFL/afl-clang-fast -c -g -fno-omit-frame-pointer -fcommon -Wno-error -fsanitize=address  conftest.c >&5
[1;92m[+] [0mSelected blocks: 0, skipped blocks: 0. instrumented DFG nodes: 0[0m
configure:7963: $? = 0
configure:7963: result: yes
configure:7963: checking for stdlib.h
configure:7963: /data/sda_18tdisk/morangeous/Fuzzing/multi-dafl-code/DAFL/afl-clang-fast -c -g -fno-omit-frame-pointer -fcommon -Wno-error -fsanitize=address  conftest.c >&5
[1;92m[+] [0mSelected blocks: 0, skipped blocks: 0. instrumented DFG nodes: 0[0m
configure:7963: $? = 0
configure:7963: result: yes
configure:7963: checking for string.h
configure:7963: /data/sda_18tdisk/morangeous/Fuzzing/multi-dafl-code/DAFL/afl-clang-fast -c -g -fno-omit-frame-pointer -fcommon -Wno-error -fsanitize=address  conftest.c >&5
[1;92m[+] [0mSelected blocks: 0, skipped blocks: 0. instrumented DFG nodes: 0[0m
configure:7963: $? = 0
configure:7963: result: yes
configure:7963: checking for memory.h
configure:7963: /data/sda_18tdisk/morangeous/Fuzzing/multi-dafl-code/DAFL/afl-clang-fast -c -g -fno-omit-frame-pointer -fcommon -Wno-error -fsanitize=address  conftest.c >&5
[1;92m[+] [0mSelected blocks: 0, skipped blocks: 0. instrumented DFG nodes: 0[0m
configure:7963: $? = 0
configure:7963: result: yes
configure:7963: checking for strings.h
configure:7963: /data/sda_18tdisk/morangeous/Fuzzing/multi-dafl-code/DAFL/afl-clang-fast -c -g -fno-omit-frame-pointer -fcommon -Wno-error -fsanitize=address  conftest.c >&5
[1;92m[+] [0mSelected blocks: 0, skipped blocks: 0. instrumented DFG nodes: 0[0m
configure:7963: $? = 0
configure:7963: result: yes
configure:7963: checking for inttypes.h
configure:7963: /data/sda_18tdisk/morangeous/Fuzzing/multi-dafl-code/DAFL/afl-clang-fast -c -g -fno-omit-frame-pointer -fcommon -Wno-error -fsanitize=address  conftest.c >&5
[1;92m[+] [0mSelected blocks: 0, skipped blocks: 0. instrumented DFG nodes: 0[0m
configure:7963: $? = 0
configure:7963: result: yes
configure:7963: checking for stdint.h
configure:7963: /data/sda_18tdisk/morangeous/Fuzzing/multi-dafl-code/DAFL/afl-clang-fast -c -g -fno-omit-frame-pointer -fcommon -Wno-error -fsanitize=address  conftest.c >&5
[1;92m[+] [0mSelected blocks: 0, skipped blocks: 0. instrumented DFG nodes: 0[0m
configure:7963: $? = 0
configure:7963: result: yes
configure:7963: checking for unistd.h
configure:7963: /data/sda_18tdisk/morangeous/Fuzzing/multi-dafl-code/DAFL/afl-clang-fast -c -g -fno-omit-frame-pointer -fcommon -Wno-error -fsanitize=address  conftest.c >&5
[1;92m[+] [0mSelected blocks: 0, skipped blocks: 0. instrumented DFG nodes: 0[0m
configure:7963: $? = 0
configure:7963: result: yes
configure:7977: checking for dlfcn.h
configure:7977: /data/sda_18tdisk/morangeous/Fuzzing/multi-dafl-code/DAFL/afl-clang-fast -c -g -fno-omit-frame-pointer -fcommon -Wno-error -fsanitize=address  conftest.c >&5
[1;92m[+] [0mSelected blocks: 0, skipped blocks: 0. instrumented DFG nodes: 0[0m
configure:7977: $? = 0
configure:7977: result: yes
configure:8531: checking for objdir
configure:8546: result: .libs
configure:8810: checking if /data/sda_18tdisk/morangeous/Fuzzing/multi-dafl-code/DAFL/afl-clang-fast supports -fno-rtti -fno-exceptions
configure:8828: /data/sda_18tdisk/morangeous/Fuzzing/multi-dafl-code/DAFL/afl-clang-fast -c -g -fno-omit-frame-pointer -fcommon -Wno-error -fsanitize=address  -fno-rtti -fno-exceptions conftest.c >&5
[1;92m[+] [0mSelected blocks: 0, skipped blocks: 0. instrumented DFG nodes: 0[0m
configure:8832: $? = 0
configure:8845: result: yes
configure:9203: checking for /data/sda_18tdisk/morangeous/Fuzzing/multi-dafl-code/DAFL/afl-clang-fast option to produce PIC
configure:9210: result: -fPIC -DPIC
configure:9218: checking if /data/sda_18tdisk/morangeous/Fuzzing/multi-dafl-code/DAFL/afl-clang-fast PIC flag -fPIC -DPIC works
configure:9236: /data/sda_18tdisk/morangeous/Fuzzing/multi-dafl-code/DAFL/afl-clang-fast -c -g -fno-omit-frame-pointer -fcommon -Wno-error -fsanitize=address  -fPIC -DPIC -DPIC conftest.c >&5
[1;92m[+] [0mSelected blocks: 0, skipped blocks: 0. instrumented DFG nodes: 0[0m
configure:9240: $? = 0
configure:9253: result: yes
configure:9282: checking if /data/sda_18tdisk/morangeous/Fuzzing/multi-dafl-code/DAFL/afl-clang-fast static flag -static works
configure:9310: result: no
configure:9325: checking if /data/sda_18tdisk/morangeous/Fuzzing/multi-dafl-code/DAFL/afl-clang-fast supports -c -o file.o
configure:9346: /data/sda_18tdisk/morangeous/Fuzzing/multi-dafl-code/DAFL/afl-clang-fast -c -g -fno-omit-frame-pointer -fcommon -Wno-error -fsanitize=address  -o out/conftest2.o conftest.c >&5
[1;92m[+] [0mSelected blocks: 0, skipped blocks: 0. instrumented DFG nodes: 0[0m
configure:9350: $? = 0
configure:9372: result: yes
configure:9380: checking if /data/sda_18tdisk/morangeous/Fuzzing/multi-dafl-code/DAFL/afl-clang-fast supports -c -o file.o
configure:9427: result: yes
configure:9460: checking whether the /data/sda_18tdisk/morangeous/Fuzzing/multi-dafl-code/DAFL/afl-clang-fast linker (/usr/bin/ld -m elf_x86_64) supports shared libraries
configure:10723: result: yes
configure:10963: checking dynamic linker characteristics
configure:11544: /data/sda_18tdisk/morangeous/Fuzzing/multi-dafl-code/DAFL/afl-clang-fast -o conftest -g -fno-omit-frame-pointer -fcommon -Wno-error -fsanitize=address   -Wl,-rpath -Wl,/foo conftest.c  >&5
[1;92m[+] [0mSelected blocks: 0, skipped blocks: 1. instrumented DFG nodes: 0[0m
configure:11544: $? = 0
configure:11793: result: GNU/Linux ld.so
configure:11915: checking how to hardcode library paths into programs
configure:11940: result: immediate
configure:12488: checking whether stripping libraries is possible
configure:12493: result: yes
configure:12528: checking if libtool supports shared libraries
configure:12530: result: yes
configure:12533: checking whether to build shared libraries
configure:12558: result: no
configure:12561: checking whether to build static libraries
configure:12565: result: yes
configure:12606: checking that AWK works
configure:12612: result: ok
configure:12663: checking if we need to force back C standard to C89
configure:12679: /data/sda_18tdisk/morangeous/Fuzzing/multi-dafl-code/DAFL/afl-clang-fast -c -g -fno-omit-frame-pointer -fcommon -Wno-error -fsanitize=address  conftest.c >&5
[1;92m[+] [0mSelected blocks: 0, skipped blocks: 1. instrumented DFG nodes: 0[0m
configure:12679: $? = 0
configure:12680: result: no
configure:12695: checking for ANSI C header files
configure:12799: result: yes
configure:12809: checking for an ANSI C-conforming const
configure:12875: /data/sda_18tdisk/morangeous/Fuzzing/multi-dafl-code/DAFL/afl-clang-fast -c -g -fno-omit-frame-pointer -fcommon -Wno-error -fsanitize=address  conftest.c >&5
[1;92m[+] [0mSelected blocks: 0, skipped blocks: 10. instrumented DFG nodes: 0[0m
configure:12875: $? = 0
configure:12882: result: yes
configure:12890: checking for size_t
configure:12890: /data/sda_18tdisk/morangeous/Fuzzing/multi-dafl-code/DAFL/afl-clang-fast -c -g -fno-omit-frame-pointer -fcommon -Wno-error -fsanitize=address  conftest.c >&5
[1;92m[+] [0mSelected blocks: 0, skipped blocks: 1. instrumented DFG nodes: 0[0m
configure:12890: $? = 0
configure:12890: /data/sda_18tdisk/morangeous/Fuzzing/multi-dafl-code/DAFL/afl-clang-fast -c -g -fno-omit-frame-pointer -fcommon -Wno-error -fsanitize=address  conftest.c >&5
conftest.c:60:21: error: expected expression
if (sizeof ((size_t)))
                    ^
1 error generated.
configure:12890: $? = 1
configure: failed program was:
| /* confdefs.h */
| #define PACKAGE_NAME "libpng"
| #define PACKAGE_TARNAME "libpng"
| #define PACKAGE_VERSION "1.6.38.git"
| #define PACKAGE_STRING "libpng 1.6.38.git"
| #define PACKAGE_BUGREPORT "png-mng-implement@lists.sourceforge.net"
| #define PACKAGE_URL ""
| #define PACKAGE "libpng"
| #define VERSION "1.6.38.git"
| #define STDC_HEADERS 1
| #define HAVE_SYS_TYPES_H 1
| #define HAVE_SYS_STAT_H 1
| #define HAVE_STDLIB_H 1
| #define HAVE_STRING_H 1
| #define HAVE_MEMORY_H 1
| #define HAVE_STRINGS_H 1
| #define HAVE_INTTYPES_H 1
| #define HAVE_STDINT_H 1
| #define HAVE_UNISTD_H 1
| #define HAVE_DLFCN_H 1
| #define LT_OBJDIR ".libs/"
| #define STDC_HEADERS 1
| /* end confdefs.h.  */
| #include <stdio.h>
| #ifdef HAVE_SYS_TYPES_H
| # include <sys/types.h>
| #endif
| #ifdef HAVE_SYS_STAT_H
| # include <sys/stat.h>
| #endif
| #ifdef STDC_HEADERS
| # include <stdlib.h>
| # include <stddef.h>
| #else
| # ifdef HAVE_STDLIB_H
| #  include <stdlib.h>
| # endif
| #endif
| #ifdef HAVE_STRING_H
| # if !defined STDC_HEADERS && defined HAVE_MEMORY_H
| #  include <memory.h>
| # endif
| # include <string.h>
| #endif
| #ifdef HAVE_STRINGS_H
| # include <strings.h>
| #endif
| #ifdef HAVE_INTTYPES_H
| # include <inttypes.h>
| #endif
| #ifdef HAVE_STDINT_H
| # include <stdint.h>
| #endif
| #ifdef HAVE_UNISTD_H
| # include <unistd.h>
| #endif
| int
| main ()
| {
| if (sizeof ((size_t)))
| 	    return 0;
|   ;
|   return 0;
| }
configure:12890: result: yes
configure:12901: checking whether struct tm is in sys/time.h or time.h
configure:12921: /data/sda_18tdisk/morangeous/Fuzzing/multi-dafl-code/DAFL/afl-clang-fast -c -g -fno-omit-frame-pointer -fcommon -Wno-error -fsanitize=address  conftest.c >&5
[1;92m[+] [0mSelected blocks: 0, skipped blocks: 1. instrumented DFG nodes: 0[0m
configure:12921: $? = 0
configure:12928: result: time.h
configure:12936: checking for C/C++ restrict keyword
configure:12961: /data/sda_18tdisk/morangeous/Fuzzing/multi-dafl-code/DAFL/afl-clang-fast -c -g -fno-omit-frame-pointer -fcommon -Wno-error -fsanitize=address  conftest.c >&5
[1;92m[+] [0mSelected blocks: 0, skipped blocks: 2. instrumented DFG nodes: 0[0m
configure:12961: $? = 0
configure:12969: result: __restrict
configure:12984: checking for working strtod
configure:13025: /data/sda_18tdisk/morangeous/Fuzzing/multi-dafl-code/DAFL/afl-clang-fast -o conftest -g -fno-omit-frame-pointer -fcommon -Wno-error -fsanitize=address   conftest.c  >&5
[1;92m[+] [0mSelected blocks: 0, skipped blocks: 12. instrumented DFG nodes: 0[0m
configure:13025: $? = 0
configure:13025: ./conftest
configure:13025: $? = 0
configure:13035: result: yes
configure:13099: checking for pow
configure:13099: /data/sda_18tdisk/morangeous/Fuzzing/multi-dafl-code/DAFL/afl-clang-fast -o conftest -g -fno-omit-frame-pointer -fcommon -Wno-error -fsanitize=address   conftest.c  >&5
conftest.c:48:6: warning: incompatible redeclaration of library function 'pow' [-Wincompatible-library-redeclaration]
char pow ();
     ^
conftest.c:48:6: note: 'pow' is a builtin with type 'double (double, double)'
[1;92m[+] [0mSelected blocks: 0, skipped blocks: 1. instrumented DFG nodes: 0[0m
1 warning generated.
configure:13099: $? = 0
configure:13099: result: yes
configure:13159: checking for clock_gettime
configure:13159: /data/sda_18tdisk/morangeous/Fuzzing/multi-dafl-code/DAFL/afl-clang-fast -o conftest -g -fno-omit-frame-pointer -fcommon -Wno-error -fsanitize=address   conftest.c  >&5
[1;92m[+] [0mSelected blocks: 0, skipped blocks: 1. instrumented DFG nodes: 0[0m
configure:13159: $? = 0
configure:13159: result: yes
configure:13184: checking for zlibVersion in -lz
configure:13209: /data/sda_18tdisk/morangeous/Fuzzing/multi-dafl-code/DAFL/afl-clang-fast -o conftest -g -fno-omit-frame-pointer -fcommon -Wno-error -fsanitize=address   conftest.c -lz   >&5
[1;92m[+] [0mSelected blocks: 0, skipped blocks: 1. instrumented DFG nodes: 0[0m
configure:13209: $? = 0
configure:13218: result: yes
configure:13283: checking for feenableexcept in -lm
configure:13308: /data/sda_18tdisk/morangeous/Fuzzing/multi-dafl-code/DAFL/afl-clang-fast -o conftest -g -fno-omit-frame-pointer -fcommon -Wno-error -fsanitize=address   conftest.c -lm  -lz  >&5
[1;92m[+] [0mSelected blocks: 0, skipped blocks: 1. instrumented DFG nodes: 0[0m
configure:13308: $? = 0
configure:13317: result: yes
configure:13330: checking for feenableexcept
configure:13330: /data/sda_18tdisk/morangeous/Fuzzing/multi-dafl-code/DAFL/afl-clang-fast -o conftest -g -fno-omit-frame-pointer -fcommon -Wno-error -fsanitize=address   conftest.c -lm -lz  >&5
[1;92m[+] [0mSelected blocks: 0, skipped blocks: 1. instrumented DFG nodes: 0[0m
configure:13330: $? = 0
configure:13330: result: yes
configure:13340: checking if using Solaris linker
configure:13349: result: no
configure:13361: checking if libraries can be versioned
configure:13382: result: yes
configure:13404: checking for symbol prefix
configure:13411: result: 
configure:13433: pkgconfig directory is ${libdir}/pkgconfig
configure:13794: Extra options for compiler: 
configure:13912: checking that generated files are newer than configure
configure:13918: result: done
configure:13993: creating ./config.status

## ---------------------- ##
## Running config.status. ##
## ---------------------- ##

This file was extended by libpng config.status 1.6.38.git, which was
generated by GNU Autoconf 2.69.  Invocation command line was

  CONFIG_FILES    = 
  CONFIG_HEADERS  = 
  CONFIG_LINKS    = 
  CONFIG_COMMANDS = 
  $ ./config.status 

on Amax

config.status:1135: creating Makefile
config.status:1135: creating libpng.pc
config.status:1135: creating libpng-config
config.status:1135: creating config.h
config.status:1316: config.h is unchanged
config.status:1364: executing depfiles commands
config.status:1364: executing libtool commands

## ---------------- ##
## Cache variables. ##
## ---------------- ##

ac_cv_build=x86_64-pc-linux-gnu
ac_cv_c_compiler_gnu=yes
ac_cv_c_const=yes
ac_cv_c_restrict=__restrict
ac_cv_env_CCASFLAGS_set=
ac_cv_env_CCASFLAGS_value=
ac_cv_env_CCAS_set=
ac_cv_env_CCAS_value=
ac_cv_env_CC_set=set
ac_cv_env_CC_value=/data/sda_18tdisk/morangeous/Fuzzing/multi-dafl-code/DAFL/afl-clang-fast
ac_cv_env_CFLAGS_set=set
ac_cv_env_CFLAGS_value='-g -fno-omit-frame-pointer -fcommon -Wno-error -fsanitize=address'
ac_cv_env_CPPFLAGS_set=
ac_cv_env_CPPFLAGS_value=
ac_cv_env_CPP_set=
ac_cv_env_CPP_value=
ac_cv_env_LDFLAGS_set=
ac_cv_env_LDFLAGS_value=
ac_cv_env_LIBS_set=
ac_cv_env_LIBS_value=
ac_cv_env_LT_SYS_LIBRARY_PATH_set=
ac_cv_env_LT_SYS_LIBRARY_PATH_value=
ac_cv_env_PNG_COPTS_set=
ac_cv_env_PNG_COPTS_value=
ac_cv_env_build_alias_set=
ac_cv_env_build_alias_value=
ac_cv_env_host_alias_set=
ac_cv_env_host_alias_value=
ac_cv_env_target_alias_set=
ac_cv_env_target_alias_value=
ac_cv_func_clock_gettime=yes
ac_cv_func_feenableexcept=yes
ac_cv_func_pow=yes
ac_cv_func_strtod=yes
ac_cv_header_dlfcn_h=yes
ac_cv_header_inttypes_h=yes
ac_cv_header_memory_h=yes
ac_cv_header_stdc=yes
ac_cv_header_stdint_h=yes
ac_cv_header_stdlib_h=yes
ac_cv_header_string_h=yes
ac_cv_header_strings_h=yes
ac_cv_header_sys_stat_h=yes
ac_cv_header_sys_types_h=yes
ac_cv_header_unistd_h=yes
ac_cv_host=x86_64-pc-linux-gnu
ac_cv_lib_m_feenableexcept=yes
ac_cv_lib_z_zlibVersion=yes
ac_cv_objext=o
ac_cv_path_EGREP='/bin/grep -E'
ac_cv_path_FGREP='/bin/grep -F'
ac_cv_path_GREP=/bin/grep
ac_cv_path_SED=/usr/bin/sed
ac_cv_path_install='/usr/bin/install -c'
ac_cv_path_lt_DD=/bin/dd
ac_cv_path_mkdir=/bin/mkdir
ac_cv_prog_AWK=gawk
ac_cv_prog_CPP='/data/sda_18tdisk/morangeous/Fuzzing/multi-dafl-code/DAFL/afl-clang-fast -E'
ac_cv_prog_ac_ct_AR=ar
ac_cv_prog_ac_ct_CC=/data/sda_18tdisk/morangeous/Fuzzing/multi-dafl-code/DAFL/afl-clang-fast
ac_cv_prog_ac_ct_MANIFEST_TOOL=mt
ac_cv_prog_ac_ct_OBJDUMP=objdump
ac_cv_prog_ac_ct_RANLIB=ranlib
ac_cv_prog_ac_ct_STRIP=strip
ac_cv_prog_cc_c89=
ac_cv_prog_cc_g=yes
ac_cv_prog_make_make_set=yes
ac_cv_struct_tm=time.h
ac_cv_type_size_t=yes
am_cv_CCAS_dependencies_compiler_type=gcc3
am_cv_CC_dependencies_compiler_type=gcc3
am_cv_make_support_nested_variables=yes
am_cv_prog_cc_c_o=yes
lt_cv_ar_at_file=@
lt_cv_deplibs_check_method=pass_all
lt_cv_file_magic_cmd='$MAGIC_CMD'
lt_cv_file_magic_test_file=
lt_cv_ld_reload_flag=-r
lt_cv_nm_interface='BSD nm'
lt_cv_objdir=.libs
lt_cv_path_LD=/usr/bin/ld
lt_cv_path_NM='/usr/bin/nm -B'
lt_cv_path_mainfest_tool=no
lt_cv_prog_compiler_c_o=yes
lt_cv_prog_compiler_pic='-fPIC -DPIC'
lt_cv_prog_compiler_pic_works=yes
lt_cv_prog_compiler_rtti_exceptions=yes
lt_cv_prog_compiler_static_works=no
lt_cv_prog_gnu_ld=yes
lt_cv_sharedlib_from_linklib_cmd='printf %s\n'
lt_cv_shlibpath_overrides_runpath=no
lt_cv_sys_global_symbol_pipe='sed -n -e '\''s/^.*[	 ]\([ABCDGIRSTW][ABCDGIRSTW]*\)[	 ][	 ]*\([_A-Za-z][_A-Za-z0-9]*\)$/\1 \2 \2/p'\'' | sed '\''/ __gnu_lto/d'\'''
lt_cv_sys_global_symbol_to_c_name_address='sed -n -e '\''s/^: \(.*\) .*$/  {"\1", (void *) 0},/p'\'' -e '\''s/^[ABCDGIRSTW][ABCDGIRSTW]* .* \(.*\)$/  {"\1", (void *) \&\1},/p'\'''
lt_cv_sys_global_symbol_to_c_name_address_lib_prefix='sed -n -e '\''s/^: \(.*\) .*$/  {"\1", (void *) 0},/p'\'' -e '\''s/^[ABCDGIRSTW][ABCDGIRSTW]* .* \(lib.*\)$/  {"\1", (void *) \&\1},/p'\'' -e '\''s/^[ABCDGIRSTW][ABCDGIRSTW]* .* \(.*\)$/  {"lib\1", (void *) \&\1},/p'\'''
lt_cv_sys_global_symbol_to_cdecl='sed -n -e '\''s/^T .* \(.*\)$/extern int \1();/p'\'' -e '\''s/^[ABCDGIRSTW][ABCDGIRSTW]* .* \(.*\)$/extern char \1;/p'\'''
lt_cv_sys_global_symbol_to_import=
lt_cv_sys_max_cmd_len=1572864
lt_cv_to_host_file_cmd=func_convert_file_noop
lt_cv_to_tool_file_cmd=func_convert_file_noop
lt_cv_truncate_bin='/bin/dd bs=4096 count=1'

## ----------------- ##
## Output variables. ##
## ----------------- ##

ACLOCAL='${SHELL} /data/sda_18tdisk/morangeous/Fuzzing/whole-pipeline/data/libpng-all-trgts/source-code/libpng/repo/missing aclocal-1.15'
AMDEPBACKSLASH='\'
AMDEP_FALSE='#'
AMDEP_TRUE=''
AMTAR='$${TAR-tar}'
AM_BACKSLASH='\'
AM_DEFAULT_V='$(AM_DEFAULT_VERBOSITY)'
AM_DEFAULT_VERBOSITY='1'
AM_V='$(V)'
AR='ar'
AS='as'
AUTOCONF='${SHELL} /data/sda_18tdisk/morangeous/Fuzzing/whole-pipeline/data/libpng-all-trgts/source-code/libpng/repo/missing autoconf'
AUTOHEADER='${SHELL} /data/sda_18tdisk/morangeous/Fuzzing/whole-pipeline/data/libpng-all-trgts/source-code/libpng/repo/missing autoheader'
AUTOMAKE='${SHELL} /data/sda_18tdisk/morangeous/Fuzzing/whole-pipeline/data/libpng-all-trgts/source-code/libpng/repo/missing automake-1.15'
AWK='gawk'
CC='/data/sda_18tdisk/morangeous/Fuzzing/multi-dafl-code/DAFL/afl-clang-fast'
CCAS='/data/sda_18tdisk/morangeous/Fuzzing/multi-dafl-code/DAFL/afl-clang-fast'
CCASDEPMODE='depmode=gcc3'
CCASFLAGS='-g -fno-omit-frame-pointer -fcommon -Wno-error -fsanitize=address'
CCDEPMODE='depmode=gcc3'
CFLAGS='-g -fno-omit-frame-pointer -fcommon -Wno-error -fsanitize=address'
CPP='/data/sda_18tdisk/morangeous/Fuzzing/multi-dafl-code/DAFL/afl-clang-fast -E'
CPPFLAGS=''
CYGPATH_W='echo'
DEFS='-DHAVE_CONFIG_H'
DEPDIR='.deps'
DFNCPP='/data/sda_18tdisk/morangeous/Fuzzing/multi-dafl-code/DAFL/afl-clang-fast -E'
DLLTOOL='false'
DO_INSTALL_LIBPNG_CONFIG_FALSE='#'
DO_INSTALL_LIBPNG_CONFIG_TRUE=''
DO_INSTALL_LIBPNG_PC_FALSE='#'
DO_INSTALL_LIBPNG_PC_TRUE=''
DO_INSTALL_LINKS_FALSE='#'
DO_INSTALL_LINKS_TRUE=''
DO_PNG_PREFIX_FALSE='#'
DO_PNG_PREFIX_TRUE=''
DSYMUTIL=''
DUMPBIN=''
ECHO_C=''
ECHO_N='-n'
ECHO_T=''
EGREP='/bin/grep -E'
EXEEXT=''
FGREP='/bin/grep -F'
GREP='/bin/grep'
HAVE_CLOCK_GETTIME_FALSE='#'
HAVE_CLOCK_GETTIME_TRUE=''
HAVE_LD_VERSION_SCRIPT_FALSE='#'
HAVE_LD_VERSION_SCRIPT_TRUE=''
HAVE_SOLARIS_LD_FALSE=''
HAVE_SOLARIS_LD_TRUE='#'
INSTALL_DATA='${INSTALL} -m 644'
INSTALL_PROGRAM='${INSTALL}'
INSTALL_SCRIPT='${INSTALL}'
INSTALL_STRIP_PROGRAM='$(install_sh) -c -s'
LD='/usr/bin/ld -m elf_x86_64'
LDFLAGS=''
LIBOBJS=''
LIBS='-lm -lz '
LIBTOOL='$(SHELL) $(top_builddir)/libtool'
LIPO=''
LN_S='ln -s'
LTLIBOBJS=''
LT_SYS_LIBRARY_PATH=''
MAINT='#'
MAINTAINER_MODE_FALSE=''
MAINTAINER_MODE_TRUE='#'
MAKEINFO='${SHELL} /data/sda_18tdisk/morangeous/Fuzzing/whole-pipeline/data/libpng-all-trgts/source-code/libpng/repo/missing makeinfo'
MANIFEST_TOOL=':'
MKDIR_P='/bin/mkdir -p'
NM='/usr/bin/nm -B'
NMEDIT=''
OBJDUMP='objdump'
OBJEXT='o'
OTOOL64=''
OTOOL=''
PACKAGE='libpng'
PACKAGE_BUGREPORT='png-mng-implement@lists.sourceforge.net'
PACKAGE_NAME='libpng'
PACKAGE_STRING='libpng 1.6.38.git'
PACKAGE_TARNAME='libpng'
PACKAGE_URL=''
PACKAGE_VERSION='1.6.38.git'
PATH_SEPARATOR=':'
PNGLIB_MAJOR='1'
PNGLIB_MINOR='6'
PNGLIB_RELEASE='38'
PNGLIB_VERSION='1.6.38.git'
PNG_ARM_NEON_FALSE=''
PNG_ARM_NEON_TRUE='#'
PNG_COPTS=''
PNG_INTEL_SSE_FALSE='#'
PNG_INTEL_SSE_TRUE=''
PNG_MIPS_MSA_FALSE='#'
PNG_MIPS_MSA_TRUE=''
PNG_POWERPC_VSX_FALSE='#'
PNG_POWERPC_VSX_TRUE=''
PNG_PREFIX='MAGMA_'
POW_LIB=''
RANLIB='ranlib'
SED='/usr/bin/sed'
SET_MAKE=''
SHELL='/bin/bash'
STRIP='strip'
SYMBOL_PREFIX=''
VERSION='1.6.38.git'
ac_ct_AR='ar'
ac_ct_CC='/data/sda_18tdisk/morangeous/Fuzzing/multi-dafl-code/DAFL/afl-clang-fast'
ac_ct_DUMPBIN=''
am__EXEEXT_FALSE=''
am__EXEEXT_TRUE='#'
am__fastdepCCAS_FALSE='#'
am__fastdepCCAS_TRUE=''
am__fastdepCC_FALSE='#'
am__fastdepCC_TRUE=''
am__include='include'
am__isrc=''
am__leading_dot='.'
am__nodep='_no'
am__quote=''
am__tar='$${TAR-tar} chof - "$$tardir"'
am__untar='$${TAR-tar} xf -'
binconfigs='${binconfigs}'
bindir='${exec_prefix}/bin'
build='x86_64-pc-linux-gnu'
build_alias=''
build_cpu='x86_64'
build_os='linux-gnu'
build_vendor='pc'
datadir='${datarootdir}'
datarootdir='${prefix}/share'
docdir='${datarootdir}/doc/${PACKAGE_TARNAME}'
dvidir='${docdir}'
exec_prefix='${prefix}'
host='x86_64-pc-linux-gnu'
host_alias=''
host_cpu='x86_64'
host_os='linux-gnu'
host_vendor='pc'
htmldir='${docdir}'
includedir='${prefix}/include'
infodir='${datarootdir}/info'
install_sh='${SHELL} /data/sda_18tdisk/morangeous/Fuzzing/whole-pipeline/data/libpng-all-trgts/source-code/libpng/repo/install-sh'
libdir='${exec_prefix}/lib'
libexecdir='${exec_prefix}/libexec'
localedir='${datarootdir}/locale'
localstatedir='${prefix}/var'
mandir='${datarootdir}/man'
mkdir_p='$(MKDIR_P)'
oldincludedir='/usr/include'
pdfdir='${docdir}'
pkgconfigdir='${libdir}/pkgconfig'
prefix='/usr/local'
program_transform_name='s,x,x,'
psdir='${docdir}'
runstatedir='${localstatedir}/run'
sbindir='${exec_prefix}/sbin'
sharedstatedir='${prefix}/com'
sysconfdir='${prefix}/etc'
target_alias=''

## ----------- ##
## confdefs.h. ##
## ----------- ##

/* confdefs.h */
#define PACKAGE_NAME "libpng"
#define PACKAGE_TARNAME "libpng"
#define PACKAGE_VERSION "1.6.38.git"
#define PACKAGE_STRING "libpng 1.6.38.git"
#define PACKAGE_BUGREPORT "png-mng-implement@lists.sourceforge.net"
#define PACKAGE_URL ""
#define PACKAGE "libpng"
#define VERSION "1.6.38.git"
#define STDC_HEADERS 1
#define HAVE_SYS_TYPES_H 1
#define HAVE_SYS_STAT_H 1
#define HAVE_STDLIB_H 1
#define HAVE_STRING_H 1
#define HAVE_MEMORY_H 1
#define HAVE_STRINGS_H 1
#define HAVE_INTTYPES_H 1
#define HAVE_STDINT_H 1
#define HAVE_UNISTD_H 1
#define HAVE_DLFCN_H 1
#define LT_OBJDIR ".libs/"
#define STDC_HEADERS 1
#define restrict __restrict
#define HAVE_POW 1
#define HAVE_LIBZ 1
#define HAVE_LIBM 1
#define HAVE_FEENABLEEXCEPT 1

configure: exit 0
