### Generated by smake(r1045) --init 
###           at Thu Jan  9 14:32:19 2025 +0000

## Running make -j1 libpng-read-fuzzer
## Started at Thu Jan  9 14:32:55 2025 +0000
cd '/benchmark/project/libpng/repo' 
'rm' '-f' 'pnglibconf.c' 'pnglibconf.tf[45]' 
cd '/benchmark/project/libpng/repo' 
'rm' 'pnglibconf.tf4' 
cd '/benchmark/project/libpng/repo' 
'mv' 'pnglibconf.tf5' 'pnglibconf.c' 
cd '/benchmark/project/libpng/repo' 
'rm' '-f' 'pnglibconf.out' 'pnglibconf.tf[12]' 
cd '/benchmark/project/libpng/repo' 
'clang' '-E' '-DHAVE_CONFIG_H' '-I.' '-DPNGLIB_LIBNAME=PNG16_0' '-DPNGLIB_VERSION=1.6.38.git' '-DSYMBOL_PREFIX=' '-DPNG_NO_USE_READ_MACROS' '-DPNG_BUILDING_SYMBOL_TABLE' '-DPNG_PREFIX=MAGMA_' 'pnglibconf.c' 
cd '/benchmark/project/libpng/repo' 
'rm' '-f' 'pnglibconf.tf1' 
cd '/benchmark/project/libpng/repo' 
'mv' 'pnglibconf.tf2' 'pnglibconf.out' 
cd '/benchmark/project/libpng/repo' 
'rm' '-f' 'scripts/prefix.out' 'scripts/prefix.tf[12]' 
cd '/benchmark/project/libpng/repo' 
'clang' '-E' '-DHAVE_CONFIG_H' '-I.' '-DPNGLIB_LIBNAME=PNG16_0' '-DPNGLIB_VERSION=1.6.38.git' '-DSYMBOL_PREFIX=' '-DPNG_NO_USE_READ_MACROS' '-DPNG_BUILDING_SYMBOL_TABLE' '-DPNG_PREFIX=MAGMA_' 'scripts/prefix.c' 
cd '/benchmark/project/libpng/repo' 
'rm' '-f' 'scripts/prefix.tf1' 
cd '/benchmark/project/libpng/repo' 
'mv' 'scripts/prefix.tf2' 'scripts/prefix.out' 
cd '/benchmark/project/libpng/repo' 
'rm' '-f' 'pnglibconf.h' 
cd '/benchmark/project/libpng/repo' 
'mv' 'pnglibconf.tf8' 'pnglibconf.h' 
cd '/benchmark/project/libpng/repo' 
'clang' '-DHAVE_CONFIG_H' '-I.' '-g' '-fno-omit-frame-pointer' '-Wno-error' '-MT' 'contrib/oss-fuzz/libpng_read_fuzzer.o' '-MD' '-MP' '-MF' 'contrib/oss-fuzz/.deps/libpng_read_fuzzer.Tpo' '-c' '-o' 'contrib/oss-fuzz/libpng_read_fuzzer.o' 'contrib/oss-fuzz/libpng_read_fuzzer.c' 
# cc: /benchmark/project/libpng/repo/sparrow/contrib/oss-fuzz/libpng_read_fuzzer.o.i: preprocessed contrib/oss-fuzz/libpng_read_fuzzer.c
cd '/benchmark/project/libpng/repo' 
'mv' '-f' 'contrib/oss-fuzz/.deps/libpng_read_fuzzer.Tpo' 'contrib/oss-fuzz/.deps/libpng_read_fuzzer.Po' 
cd '/benchmark/project/libpng/repo' 
'clang' '-DHAVE_CONFIG_H' '-I.' '-g' '-fno-omit-frame-pointer' '-Wno-error' '-MT' 'contrib/oss-fuzz/afl_driver.o' '-MD' '-MP' '-MF' 'contrib/oss-fuzz/.deps/afl_driver.Tpo' '-c' '-o' 'contrib/oss-fuzz/afl_driver.o' 'contrib/oss-fuzz/afl_driver.c' 
# cc: /benchmark/project/libpng/repo/sparrow/contrib/oss-fuzz/afl_driver.o.i: preprocessed contrib/oss-fuzz/afl_driver.c
cd '/benchmark/project/libpng/repo' 
'mv' '-f' 'contrib/oss-fuzz/.deps/afl_driver.Tpo' 'contrib/oss-fuzz/.deps/afl_driver.Po' 
cd '/benchmark/project/libpng/repo' 
'rm' '-f' 'scripts/intprefix.out' 'scripts/intprefix.tf[12]' 
cd '/benchmark/project/libpng/repo' 
'clang' '-E' '-DHAVE_CONFIG_H' '-I.' '-DPNGLIB_LIBNAME=PNG16_0' '-DPNGLIB_VERSION=1.6.38.git' '-DSYMBOL_PREFIX=' '-DPNG_NO_USE_READ_MACROS' '-DPNG_BUILDING_SYMBOL_TABLE' '-DPNG_PREFIX=MAGMA_' 'scripts/intprefix.c' 
cd '/benchmark/project/libpng/repo' 
'rm' '-f' 'scripts/intprefix.tf1' 
cd '/benchmark/project/libpng/repo' 
'mv' 'scripts/intprefix.tf2' 'scripts/intprefix.out' 
cd '/benchmark/project/libpng/repo' 
'rm' '-f' 'pngprefix.tf1' 
cd '/benchmark/project/libpng/repo' 
'mv' 'pngprefix.tf1' 'pngprefix.h' 
cd '/benchmark/project/libpng/repo' 
'rm' '-f' 'png.o' '.libs/png.o' 'png.lo' 'png.loT' 
cd '/benchmark/project/libpng/repo' 
'clang' '-DHAVE_CONFIG_H' '-I.' '-g' '-fno-omit-frame-pointer' '-Wno-error' '-MT' 'png.lo' '-MD' '-MP' '-MF' '.deps/png.Tpo' '-c' 'png.c' '-o' 'png.o' 
# cc: /benchmark/project/libpng/repo/sparrow/png.o.i: preprocessed png.c
cd '/benchmark/project/libpng/repo' 
'mv' '-f' 'png.loT' 'png.lo' 
cd '/benchmark/project/libpng/repo' 
'mv' '-f' '.deps/png.Tpo' '.deps/png.Plo' 
cd '/benchmark/project/libpng/repo' 
'rm' '-f' 'pngerror.o' '.libs/pngerror.o' 'pngerror.lo' 'pngerror.loT' 
cd '/benchmark/project/libpng/repo' 
'clang' '-DHAVE_CONFIG_H' '-I.' '-g' '-fno-omit-frame-pointer' '-Wno-error' '-MT' 'pngerror.lo' '-MD' '-MP' '-MF' '.deps/pngerror.Tpo' '-c' 'pngerror.c' '-o' 'pngerror.o' 
# cc: /benchmark/project/libpng/repo/sparrow/pngerror.o.i: preprocessed pngerror.c
cd '/benchmark/project/libpng/repo' 
'mv' '-f' 'pngerror.loT' 'pngerror.lo' 
cd '/benchmark/project/libpng/repo' 
'mv' '-f' '.deps/pngerror.Tpo' '.deps/pngerror.Plo' 
cd '/benchmark/project/libpng/repo' 
'rm' '-f' 'pngget.o' '.libs/pngget.o' 'pngget.lo' 'pngget.loT' 
cd '/benchmark/project/libpng/repo' 
'clang' '-DHAVE_CONFIG_H' '-I.' '-g' '-fno-omit-frame-pointer' '-Wno-error' '-MT' 'pngget.lo' '-MD' '-MP' '-MF' '.deps/pngget.Tpo' '-c' 'pngget.c' '-o' 'pngget.o' 
# cc: /benchmark/project/libpng/repo/sparrow/pngget.o.i: preprocessed pngget.c
cd '/benchmark/project/libpng/repo' 
'mv' '-f' 'pngget.loT' 'pngget.lo' 
cd '/benchmark/project/libpng/repo' 
'mv' '-f' '.deps/pngget.Tpo' '.deps/pngget.Plo' 
cd '/benchmark/project/libpng/repo' 
'rm' '-f' 'pngmem.o' '.libs/pngmem.o' 'pngmem.lo' 'pngmem.loT' 
cd '/benchmark/project/libpng/repo' 
'clang' '-DHAVE_CONFIG_H' '-I.' '-g' '-fno-omit-frame-pointer' '-Wno-error' '-MT' 'pngmem.lo' '-MD' '-MP' '-MF' '.deps/pngmem.Tpo' '-c' 'pngmem.c' '-o' 'pngmem.o' 
# cc: /benchmark/project/libpng/repo/sparrow/pngmem.o.i: preprocessed pngmem.c
cd '/benchmark/project/libpng/repo' 
'mv' '-f' 'pngmem.loT' 'pngmem.lo' 
cd '/benchmark/project/libpng/repo' 
'mv' '-f' '.deps/pngmem.Tpo' '.deps/pngmem.Plo' 
cd '/benchmark/project/libpng/repo' 
'rm' '-f' 'pngpread.o' '.libs/pngpread.o' 'pngpread.lo' 'pngpread.loT' 
cd '/benchmark/project/libpng/repo' 
'clang' '-DHAVE_CONFIG_H' '-I.' '-g' '-fno-omit-frame-pointer' '-Wno-error' '-MT' 'pngpread.lo' '-MD' '-MP' '-MF' '.deps/pngpread.Tpo' '-c' 'pngpread.c' '-o' 'pngpread.o' 
# cc: /benchmark/project/libpng/repo/sparrow/pngpread.o.i: preprocessed pngpread.c
cd '/benchmark/project/libpng/repo' 
'mv' '-f' 'pngpread.loT' 'pngpread.lo' 
cd '/benchmark/project/libpng/repo' 
'mv' '-f' '.deps/pngpread.Tpo' '.deps/pngpread.Plo' 
cd '/benchmark/project/libpng/repo' 
'rm' '-f' 'pngread.o' '.libs/pngread.o' 'pngread.lo' 'pngread.loT' 
cd '/benchmark/project/libpng/repo' 
'clang' '-DHAVE_CONFIG_H' '-I.' '-g' '-fno-omit-frame-pointer' '-Wno-error' '-MT' 'pngread.lo' '-MD' '-MP' '-MF' '.deps/pngread.Tpo' '-c' 'pngread.c' '-o' 'pngread.o' 
# cc: /benchmark/project/libpng/repo/sparrow/pngread.o.i: preprocessed pngread.c
cd '/benchmark/project/libpng/repo' 
'mv' '-f' 'pngread.loT' 'pngread.lo' 
cd '/benchmark/project/libpng/repo' 
'mv' '-f' '.deps/pngread.Tpo' '.deps/pngread.Plo' 
cd '/benchmark/project/libpng/repo' 
'rm' '-f' 'pngrio.o' '.libs/pngrio.o' 'pngrio.lo' 'pngrio.loT' 
cd '/benchmark/project/libpng/repo' 
'clang' '-DHAVE_CONFIG_H' '-I.' '-g' '-fno-omit-frame-pointer' '-Wno-error' '-MT' 'pngrio.lo' '-MD' '-MP' '-MF' '.deps/pngrio.Tpo' '-c' 'pngrio.c' '-o' 'pngrio.o' 
# cc: /benchmark/project/libpng/repo/sparrow/pngrio.o.i: preprocessed pngrio.c
cd '/benchmark/project/libpng/repo' 
'mv' '-f' 'pngrio.loT' 'pngrio.lo' 
cd '/benchmark/project/libpng/repo' 
'mv' '-f' '.deps/pngrio.Tpo' '.deps/pngrio.Plo' 
cd '/benchmark/project/libpng/repo' 
'rm' '-f' 'pngrtran.o' '.libs/pngrtran.o' 'pngrtran.lo' 'pngrtran.loT' 
cd '/benchmark/project/libpng/repo' 
'clang' '-DHAVE_CONFIG_H' '-I.' '-g' '-fno-omit-frame-pointer' '-Wno-error' '-MT' 'pngrtran.lo' '-MD' '-MP' '-MF' '.deps/pngrtran.Tpo' '-c' 'pngrtran.c' '-o' 'pngrtran.o' 
# cc: /benchmark/project/libpng/repo/sparrow/pngrtran.o.i: preprocessed pngrtran.c
cd '/benchmark/project/libpng/repo' 
'mv' '-f' 'pngrtran.loT' 'pngrtran.lo' 
cd '/benchmark/project/libpng/repo' 
'mv' '-f' '.deps/pngrtran.Tpo' '.deps/pngrtran.Plo' 
cd '/benchmark/project/libpng/repo' 
'rm' '-f' 'pngrutil.o' '.libs/pngrutil.o' 'pngrutil.lo' 'pngrutil.loT' 
cd '/benchmark/project/libpng/repo' 
'clang' '-DHAVE_CONFIG_H' '-I.' '-g' '-fno-omit-frame-pointer' '-Wno-error' '-MT' 'pngrutil.lo' '-MD' '-MP' '-MF' '.deps/pngrutil.Tpo' '-c' 'pngrutil.c' '-o' 'pngrutil.o' 
# cc: /benchmark/project/libpng/repo/sparrow/pngrutil.o.i: preprocessed pngrutil.c
cd '/benchmark/project/libpng/repo' 
'mv' '-f' 'pngrutil.loT' 'pngrutil.lo' 
cd '/benchmark/project/libpng/repo' 
'mv' '-f' '.deps/pngrutil.Tpo' '.deps/pngrutil.Plo' 
cd '/benchmark/project/libpng/repo' 
'rm' '-f' 'pngset.o' '.libs/pngset.o' 'pngset.lo' 'pngset.loT' 
cd '/benchmark/project/libpng/repo' 
'clang' '-DHAVE_CONFIG_H' '-I.' '-g' '-fno-omit-frame-pointer' '-Wno-error' '-MT' 'pngset.lo' '-MD' '-MP' '-MF' '.deps/pngset.Tpo' '-c' 'pngset.c' '-o' 'pngset.o' 
# cc: /benchmark/project/libpng/repo/sparrow/pngset.o.i: preprocessed pngset.c
cd '/benchmark/project/libpng/repo' 
'mv' '-f' 'pngset.loT' 'pngset.lo' 
cd '/benchmark/project/libpng/repo' 
'mv' '-f' '.deps/pngset.Tpo' '.deps/pngset.Plo' 
cd '/benchmark/project/libpng/repo' 
'rm' '-f' 'pngtrans.o' '.libs/pngtrans.o' 'pngtrans.lo' 'pngtrans.loT' 
cd '/benchmark/project/libpng/repo' 
'clang' '-DHAVE_CONFIG_H' '-I.' '-g' '-fno-omit-frame-pointer' '-Wno-error' '-MT' 'pngtrans.lo' '-MD' '-MP' '-MF' '.deps/pngtrans.Tpo' '-c' 'pngtrans.c' '-o' 'pngtrans.o' 
# cc: /benchmark/project/libpng/repo/sparrow/pngtrans.o.i: preprocessed pngtrans.c
cd '/benchmark/project/libpng/repo' 
'mv' '-f' 'pngtrans.loT' 'pngtrans.lo' 
cd '/benchmark/project/libpng/repo' 
'mv' '-f' '.deps/pngtrans.Tpo' '.deps/pngtrans.Plo' 
cd '/benchmark/project/libpng/repo' 
'rm' '-f' 'pngwio.o' '.libs/pngwio.o' 'pngwio.lo' 'pngwio.loT' 
cd '/benchmark/project/libpng/repo' 
'clang' '-DHAVE_CONFIG_H' '-I.' '-g' '-fno-omit-frame-pointer' '-Wno-error' '-MT' 'pngwio.lo' '-MD' '-MP' '-MF' '.deps/pngwio.Tpo' '-c' 'pngwio.c' '-o' 'pngwio.o' 
# cc: /benchmark/project/libpng/repo/sparrow/pngwio.o.i: preprocessed pngwio.c
cd '/benchmark/project/libpng/repo' 
'mv' '-f' 'pngwio.loT' 'pngwio.lo' 
cd '/benchmark/project/libpng/repo' 
'mv' '-f' '.deps/pngwio.Tpo' '.deps/pngwio.Plo' 
cd '/benchmark/project/libpng/repo' 
'rm' '-f' 'pngwrite.o' '.libs/pngwrite.o' 'pngwrite.lo' 'pngwrite.loT' 
cd '/benchmark/project/libpng/repo' 
'clang' '-DHAVE_CONFIG_H' '-I.' '-g' '-fno-omit-frame-pointer' '-Wno-error' '-MT' 'pngwrite.lo' '-MD' '-MP' '-MF' '.deps/pngwrite.Tpo' '-c' 'pngwrite.c' '-o' 'pngwrite.o' 
# cc: /benchmark/project/libpng/repo/sparrow/pngwrite.o.i: preprocessed pngwrite.c
cd '/benchmark/project/libpng/repo' 
'mv' '-f' 'pngwrite.loT' 'pngwrite.lo' 
cd '/benchmark/project/libpng/repo' 
'mv' '-f' '.deps/pngwrite.Tpo' '.deps/pngwrite.Plo' 
cd '/benchmark/project/libpng/repo' 
'rm' '-f' 'pngwtran.o' '.libs/pngwtran.o' 'pngwtran.lo' 'pngwtran.loT' 
cd '/benchmark/project/libpng/repo' 
'clang' '-DHAVE_CONFIG_H' '-I.' '-g' '-fno-omit-frame-pointer' '-Wno-error' '-MT' 'pngwtran.lo' '-MD' '-MP' '-MF' '.deps/pngwtran.Tpo' '-c' 'pngwtran.c' '-o' 'pngwtran.o' 
# cc: /benchmark/project/libpng/repo/sparrow/pngwtran.o.i: preprocessed pngwtran.c
cd '/benchmark/project/libpng/repo' 
'mv' '-f' 'pngwtran.loT' 'pngwtran.lo' 
cd '/benchmark/project/libpng/repo' 
'mv' '-f' '.deps/pngwtran.Tpo' '.deps/pngwtran.Plo' 
cd '/benchmark/project/libpng/repo' 
'rm' '-f' 'pngwutil.o' '.libs/pngwutil.o' 'pngwutil.lo' 'pngwutil.loT' 
cd '/benchmark/project/libpng/repo' 
'clang' '-DHAVE_CONFIG_H' '-I.' '-g' '-fno-omit-frame-pointer' '-Wno-error' '-MT' 'pngwutil.lo' '-MD' '-MP' '-MF' '.deps/pngwutil.Tpo' '-c' 'pngwutil.c' '-o' 'pngwutil.o' 
# cc: /benchmark/project/libpng/repo/sparrow/pngwutil.o.i: preprocessed pngwutil.c
cd '/benchmark/project/libpng/repo' 
'mv' '-f' 'pngwutil.loT' 'pngwutil.lo' 
cd '/benchmark/project/libpng/repo' 
'mv' '-f' '.deps/pngwutil.Tpo' '.deps/pngwutil.Plo' 
cd '/benchmark/project/libpng/repo' 
'rm' '-f' 'mips/mips_init.o' 'mips/.libs/mips_init.o' 'mips/mips_init.lo' 'mips/mips_init.loT' 
cd '/benchmark/project/libpng/repo' 
'clang' '-DHAVE_CONFIG_H' '-I.' '-g' '-fno-omit-frame-pointer' '-Wno-error' '-MT' 'mips/mips_init.lo' '-MD' '-MP' '-MF' 'mips/.deps/mips_init.Tpo' '-c' 'mips/mips_init.c' '-o' 'mips/mips_init.o' 
# cc: /benchmark/project/libpng/repo/sparrow/mips/mips_init.o.i: preprocessed mips/mips_init.c
cd '/benchmark/project/libpng/repo' 
'mv' '-f' 'mips/mips_init.loT' 'mips/mips_init.lo' 
cd '/benchmark/project/libpng/repo' 
'mv' '-f' 'mips/.deps/mips_init.Tpo' 'mips/.deps/mips_init.Plo' 
cd '/benchmark/project/libpng/repo' 
'rm' '-f' 'mips/filter_msa_intrinsics.o' 'mips/.libs/filter_msa_intrinsics.o' 'mips/filter_msa_intrinsics.lo' 'mips/filter_msa_intrinsics.loT' 
cd '/benchmark/project/libpng/repo' 
'clang' '-DHAVE_CONFIG_H' '-I.' '-g' '-fno-omit-frame-pointer' '-Wno-error' '-MT' 'mips/filter_msa_intrinsics.lo' '-MD' '-MP' '-MF' 'mips/.deps/filter_msa_intrinsics.Tpo' '-c' 'mips/filter_msa_intrinsics.c' '-o' 'mips/filter_msa_intrinsics.o' 
# cc: /benchmark/project/libpng/repo/sparrow/mips/filter_msa_intrinsics.o.i: preprocessed mips/filter_msa_intrinsics.c
cd '/benchmark/project/libpng/repo' 
'mv' '-f' 'mips/filter_msa_intrinsics.loT' 'mips/filter_msa_intrinsics.lo' 
cd '/benchmark/project/libpng/repo' 
'mv' '-f' 'mips/.deps/filter_msa_intrinsics.Tpo' 'mips/.deps/filter_msa_intrinsics.Plo' 
cd '/benchmark/project/libpng/repo' 
'rm' '-f' 'intel/intel_init.o' 'intel/.libs/intel_init.o' 'intel/intel_init.lo' 'intel/intel_init.loT' 
cd '/benchmark/project/libpng/repo' 
'clang' '-DHAVE_CONFIG_H' '-I.' '-g' '-fno-omit-frame-pointer' '-Wno-error' '-MT' 'intel/intel_init.lo' '-MD' '-MP' '-MF' 'intel/.deps/intel_init.Tpo' '-c' 'intel/intel_init.c' '-o' 'intel/intel_init.o' 
# cc: /benchmark/project/libpng/repo/sparrow/intel/intel_init.o.i: preprocessed intel/intel_init.c
cd '/benchmark/project/libpng/repo' 
'mv' '-f' 'intel/intel_init.loT' 'intel/intel_init.lo' 
cd '/benchmark/project/libpng/repo' 
'mv' '-f' 'intel/.deps/intel_init.Tpo' 'intel/.deps/intel_init.Plo' 
cd '/benchmark/project/libpng/repo' 
'rm' '-f' 'intel/filter_sse2_intrinsics.o' 'intel/.libs/filter_sse2_intrinsics.o' 'intel/filter_sse2_intrinsics.lo' 'intel/filter_sse2_intrinsics.loT' 
cd '/benchmark/project/libpng/repo' 
'clang' '-DHAVE_CONFIG_H' '-I.' '-g' '-fno-omit-frame-pointer' '-Wno-error' '-MT' 'intel/filter_sse2_intrinsics.lo' '-MD' '-MP' '-MF' 'intel/.deps/filter_sse2_intrinsics.Tpo' '-c' 'intel/filter_sse2_intrinsics.c' '-o' 'intel/filter_sse2_intrinsics.o' 
# cc: /benchmark/project/libpng/repo/sparrow/intel/filter_sse2_intrinsics.o.i: preprocessed intel/filter_sse2_intrinsics.c
cd '/benchmark/project/libpng/repo' 
'mv' '-f' 'intel/filter_sse2_intrinsics.loT' 'intel/filter_sse2_intrinsics.lo' 
cd '/benchmark/project/libpng/repo' 
'mv' '-f' 'intel/.deps/filter_sse2_intrinsics.Tpo' 'intel/.deps/filter_sse2_intrinsics.Plo' 
cd '/benchmark/project/libpng/repo' 
'rm' '-f' 'powerpc/powerpc_init.o' 'powerpc/.libs/powerpc_init.o' 'powerpc/powerpc_init.lo' 'powerpc/powerpc_init.loT' 
cd '/benchmark/project/libpng/repo' 
'clang' '-DHAVE_CONFIG_H' '-I.' '-g' '-fno-omit-frame-pointer' '-Wno-error' '-MT' 'powerpc/powerpc_init.lo' '-MD' '-MP' '-MF' 'powerpc/.deps/powerpc_init.Tpo' '-c' 'powerpc/powerpc_init.c' '-o' 'powerpc/powerpc_init.o' 
# cc: /benchmark/project/libpng/repo/sparrow/powerpc/powerpc_init.o.i: preprocessed powerpc/powerpc_init.c
cd '/benchmark/project/libpng/repo' 
'mv' '-f' 'powerpc/powerpc_init.loT' 'powerpc/powerpc_init.lo' 
cd '/benchmark/project/libpng/repo' 
'mv' '-f' 'powerpc/.deps/powerpc_init.Tpo' 'powerpc/.deps/powerpc_init.Plo' 
cd '/benchmark/project/libpng/repo' 
'rm' '-f' 'powerpc/filter_vsx_intrinsics.o' 'powerpc/.libs/filter_vsx_intrinsics.o' 'powerpc/filter_vsx_intrinsics.lo' 'powerpc/filter_vsx_intrinsics.loT' 
cd '/benchmark/project/libpng/repo' 
'clang' '-DHAVE_CONFIG_H' '-I.' '-g' '-fno-omit-frame-pointer' '-Wno-error' '-MT' 'powerpc/filter_vsx_intrinsics.lo' '-MD' '-MP' '-MF' 'powerpc/.deps/filter_vsx_intrinsics.Tpo' '-c' 'powerpc/filter_vsx_intrinsics.c' '-o' 'powerpc/filter_vsx_intrinsics.o' 
# cc: /benchmark/project/libpng/repo/sparrow/powerpc/filter_vsx_intrinsics.o.i: preprocessed powerpc/filter_vsx_intrinsics.c
cd '/benchmark/project/libpng/repo' 
'mv' '-f' 'powerpc/filter_vsx_intrinsics.loT' 'powerpc/filter_vsx_intrinsics.lo' 
cd '/benchmark/project/libpng/repo' 
'mv' '-f' 'powerpc/.deps/filter_vsx_intrinsics.Tpo' 'powerpc/.deps/filter_vsx_intrinsics.Plo' 
cd '/benchmark/project/libpng/repo' 
'rm' '-f' 'scripts/vers.out' 'scripts/vers.tf[12]' 
cd '/benchmark/project/libpng/repo' 
'clang' '-E' '-DHAVE_CONFIG_H' '-I.' '-DPNGLIB_LIBNAME=PNG16_0' '-DPNGLIB_VERSION=1.6.38.git' '-DSYMBOL_PREFIX=' '-DPNG_NO_USE_READ_MACROS' '-DPNG_BUILDING_SYMBOL_TABLE' '-DPNG_PREFIX=MAGMA_' 'scripts/vers.c' 
cd '/benchmark/project/libpng/repo' 
'rm' '-f' 'scripts/vers.tf1' 
cd '/benchmark/project/libpng/repo' 
'mv' 'scripts/vers.tf2' 'scripts/vers.out' 
cd '/benchmark/project/libpng/repo' 
'rm' '-f' 'libpng.vers' 
cd '/benchmark/project/libpng/repo' 
'cp' 'scripts/vers.out' 'libpng.vers' 
cd '/benchmark/project/libpng/repo' 
'ar' 'cr' '.libs/libpng16.a' 'png.o' 'pngerror.o' 'pngget.o' 'pngmem.o' 'pngpread.o' 'pngread.o' 'pngrio.o' 'pngrtran.o' 'pngrutil.o' 'pngset.o' 'pngtrans.o' 'pngwio.o' 'pngwrite.o' 'pngwtran.o' 'pngwutil.o' 'mips/mips_init.o' 'mips/filter_msa_intrinsics.o' 'intel/intel_init.o' 'intel/filter_sse2_intrinsics.o' 'powerpc/powerpc_init.o' 'powerpc/filter_vsx_intrinsics.o' 
# ar: .libs/libpng16.a: adding png.o
# ar: .libs/libpng16.a: adding pngerror.o
# ar: .libs/libpng16.a: adding pngget.o
# ar: .libs/libpng16.a: adding pngmem.o
# ar: .libs/libpng16.a: adding pngpread.o
# ar: .libs/libpng16.a: adding pngread.o
# ar: .libs/libpng16.a: adding pngrio.o
# ar: .libs/libpng16.a: adding pngrtran.o
# ar: .libs/libpng16.a: adding pngrutil.o
# ar: .libs/libpng16.a: adding pngset.o
# ar: .libs/libpng16.a: adding pngtrans.o
# ar: .libs/libpng16.a: adding pngwio.o
# ar: .libs/libpng16.a: adding pngwrite.o
# ar: .libs/libpng16.a: adding pngwtran.o
# ar: .libs/libpng16.a: adding pngwutil.o
# ar: .libs/libpng16.a: adding mips/mips_init.o
# ar: .libs/libpng16.a: adding mips/filter_msa_intrinsics.o
# ar: .libs/libpng16.a: adding intel/intel_init.o
# ar: .libs/libpng16.a: adding intel/filter_sse2_intrinsics.o
# ar: .libs/libpng16.a: adding powerpc/powerpc_init.o
# ar: .libs/libpng16.a: adding powerpc/filter_vsx_intrinsics.o
cd '/benchmark/project/libpng/repo' 
'rm' '-f' 'libpng16.la' 
cd '/benchmark/project/libpng/repo' 
'rm' '-f' '.libs/libpng16.lai' 
cd '/benchmark/project/libpng/repo/.libs' 
'rm' '-f' 'libpng16.la' 
cd '/benchmark/project/libpng/repo/.libs' 
'ln' '-s' '../libpng16.la' 'libpng16.la' 
cd '/benchmark/project/libpng/repo' 
'rm' '-f' 'libpng-read-fuzzer' 
cd '/benchmark/project/libpng/repo' 
'clang' '-g' '-fno-omit-frame-pointer' '-Wno-error' '-o' 'libpng-read-fuzzer' 'contrib/oss-fuzz/libpng_read_fuzzer.o' 'contrib/oss-fuzz/afl_driver.o' './.libs/libpng16.a' '-lz' '-lm' 
# cc: libpng-read-fuzzer: linking 'none:contrib/oss-fuzz/libpng_read_fuzzer.o' 'none:contrib/oss-fuzz/afl_driver.o' 'none:./.libs/libpng16.a' 'none:-lz' 'none:-lm' 
# XXX: libpng-read-fuzzer: -lz: library not found
# XXX: libpng-read-fuzzer: -lm: library not found
## Finished at Thu Jan  9 14:33:00 2025 +0000
