PNG16_0 {global:
 MAGMA_png_access_version_number;
 MAGMA_png_set_sig_bytes;
 MAGMA_png_sig_cmp;
 MAGMA_png_create_read_struct;
 MAGMA_png_create_write_struct;
 MAGMA_png_get_compression_buffer_size;
 MAGMA_png_set_compression_buffer_size;
 MAGMA_png_set_longjmp_fn;
 MAGMA_png_longjmp;
 MAGMA_png_reset_zstream;
 MAGMA_png_create_read_struct_2;
 MAGMA_png_create_write_struct_2;
 MAGMA_png_write_sig;
 MAGMA_png_write_chunk;
 MAGMA_png_write_chunk_start;
 MAGMA_png_write_chunk_data;
 MAGMA_png_write_chunk_end;
 MAGMA_png_create_info_struct;
 MAGMA_png_info_init_3;
 MAGMA_png_write_info_before_PLTE;
 MAGMA_png_write_info;
 MAGMA_png_read_info;
 MAGMA_png_convert_to_rfc1123;
 MAGMA_png_convert_to_rfc1123_buffer;
 MAGMA_png_convert_from_struct_tm;
 MAGMA_png_convert_from_time_t;
 MAGMA_png_set_expand;
 MAGMA_png_set_expand_gray_1_2_4_to_8;
 MAGMA_png_set_palette_to_rgb;
 MAGMA_png_set_tRNS_to_alpha;
 MAGMA_png_set_expand_16;
 MAGMA_png_set_bgr;
 MAGMA_png_set_gray_to_rgb;
 MAGMA_png_set_rgb_to_gray;
 MAGMA_png_set_rgb_to_gray_fixed;
 MAGMA_png_get_rgb_to_gray_status;
 MAGMA_png_build_grayscale_palette;
 MAGMA_png_set_alpha_mode;
 MAGMA_png_set_alpha_mode_fixed;
 MAGMA_png_set_strip_alpha;
 MAGMA_png_set_swap_alpha;
 MAGMA_png_set_invert_alpha;
 MAGMA_png_set_filler;
 MAGMA_png_set_add_alpha;
 MAGMA_png_set_swap;
 MAGMA_png_set_packing;
 MAGMA_png_set_packswap;
 MAGMA_png_set_shift;
 MAGMA_png_set_interlace_handling;
 MAGMA_png_set_invert_mono;
 MAGMA_png_set_background;
 MAGMA_png_set_background_fixed;
 MAGMA_png_set_scale_16;
 MAGMA_png_set_strip_16;
 MAGMA_png_set_quantize;
 MAGMA_png_set_gamma;
 MAGMA_png_set_gamma_fixed;
 MAGMA_png_set_flush;
 MAGMA_png_write_flush;
 MAGMA_png_start_read_image;
 MAGMA_png_read_update_info;
 MAGMA_png_read_rows;
 MAGMA_png_read_row;
 MAGMA_png_read_image;
 MAGMA_png_write_row;
 MAGMA_png_write_rows;
 MAGMA_png_write_image;
 MAGMA_png_write_end;
 MAGMA_png_read_end;
 MAGMA_png_destroy_info_struct;
 MAGMA_png_destroy_read_struct;
 MAGMA_png_destroy_write_struct;
 MAGMA_png_set_crc_action;
 MAGMA_png_set_filter;
 MAGMA_png_set_filter_heuristics;
 MAGMA_png_set_filter_heuristics_fixed;
 MAGMA_png_set_compression_level;
 MAGMA_png_set_compression_mem_level;
 MAGMA_png_set_compression_strategy;
 MAGMA_png_set_compression_window_bits;
 MAGMA_png_set_compression_method;
 MAGMA_png_set_text_compression_level;
 MAGMA_png_set_text_compression_mem_level;
 MAGMA_png_set_text_compression_strategy;
 MAGMA_png_set_text_compression_window_bits;
 MAGMA_png_set_text_compression_method;
 MAGMA_png_init_io;
 MAGMA_png_set_error_fn;
 MAGMA_png_get_error_ptr;
 MAGMA_png_set_write_fn;
 MAGMA_png_set_read_fn;
 MAGMA_png_get_io_ptr;
 MAGMA_png_set_read_status_fn;
 MAGMA_png_set_write_status_fn;
 MAGMA_png_set_mem_fn;
 MAGMA_png_get_mem_ptr;
 MAGMA_png_set_read_user_transform_fn;
 MAGMA_png_set_write_user_transform_fn;
 MAGMA_png_set_user_transform_info;
 MAGMA_png_get_user_transform_ptr;
 MAGMA_png_get_current_row_number;
 MAGMA_png_get_current_pass_number;
 MAGMA_png_set_read_user_chunk_fn;
 MAGMA_png_get_user_chunk_ptr;
 MAGMA_png_set_progressive_read_fn;
 MAGMA_png_get_progressive_ptr;
 MAGMA_png_process_data;
 MAGMA_png_process_data_pause;
 MAGMA_png_process_data_skip;
 MAGMA_png_progressive_combine_row;
 MAGMA_png_malloc;
 MAGMA_png_calloc;
 MAGMA_png_malloc_warn;
 MAGMA_png_free;
 MAGMA_png_free_data;
 MAGMA_png_data_freer;
 MAGMA_png_malloc_default;
 MAGMA_png_free_default;
 MAGMA_png_error;
 MAGMA_png_chunk_error;
 MAGMA_png_warning;
 MAGMA_png_chunk_warning;
 MAGMA_png_benign_error;
 MAGMA_png_chunk_benign_error;
 MAGMA_png_set_benign_errors;
 MAGMA_png_get_valid;
 MAGMA_png_get_rowbytes;
 MAGMA_png_get_rows;
 MAGMA_png_set_rows;
 MAGMA_png_get_channels;
 MAGMA_png_get_image_width;
 MAGMA_png_get_image_height;
 MAGMA_png_get_bit_depth;
 MAGMA_png_get_color_type;
 MAGMA_png_get_filter_type;
 MAGMA_png_get_interlace_type;
 MAGMA_png_get_compression_type;
 MAGMA_png_get_pixels_per_meter;
 MAGMA_png_get_x_pixels_per_meter;
 MAGMA_png_get_y_pixels_per_meter;
 MAGMA_png_get_pixel_aspect_ratio;
 MAGMA_png_get_pixel_aspect_ratio_fixed;
 MAGMA_png_get_x_offset_pixels;
 MAGMA_png_get_y_offset_pixels;
 MAGMA_png_get_x_offset_microns;
 MAGMA_png_get_y_offset_microns;
 MAGMA_png_get_signature;
 MAGMA_png_get_bKGD;
 MAGMA_png_set_bKGD;
 MAGMA_png_get_cHRM;
 MAGMA_png_get_cHRM_XYZ;
 MAGMA_png_get_cHRM_fixed;
 MAGMA_png_get_cHRM_XYZ_fixed;
 MAGMA_png_set_cHRM;
 MAGMA_png_set_cHRM_XYZ;
 MAGMA_png_set_cHRM_fixed;
 MAGMA_png_set_cHRM_XYZ_fixed;
 MAGMA_png_get_eXIf;
 MAGMA_png_set_eXIf;
 MAGMA_png_get_eXIf_1;
 MAGMA_png_set_eXIf_1;
 MAGMA_png_get_gAMA;
 MAGMA_png_get_gAMA_fixed;
 MAGMA_png_set_gAMA;
 MAGMA_png_set_gAMA_fixed;
 MAGMA_png_get_hIST;
 MAGMA_png_set_hIST;
 MAGMA_png_get_IHDR;
 MAGMA_png_set_IHDR;
 MAGMA_png_get_oFFs;
 MAGMA_png_set_oFFs;
 MAGMA_png_get_pCAL;
 MAGMA_png_set_pCAL;
 MAGMA_png_get_pHYs;
 MAGMA_png_set_pHYs;
 MAGMA_png_get_PLTE;
 MAGMA_png_set_PLTE;
 MAGMA_png_get_sBIT;
 MAGMA_png_set_sBIT;
 MAGMA_png_get_sRGB;
 MAGMA_png_set_sRGB;
 MAGMA_png_set_sRGB_gAMA_and_cHRM;
 MAGMA_png_get_iCCP;
 MAGMA_png_set_iCCP;
 MAGMA_png_get_sPLT;
 MAGMA_png_set_sPLT;
 MAGMA_png_get_text;
 MAGMA_png_set_text;
 MAGMA_png_get_tIME;
 MAGMA_png_set_tIME;
 MAGMA_png_get_tRNS;
 MAGMA_png_set_tRNS;
 MAGMA_png_get_sCAL;
 MAGMA_png_get_sCAL_fixed;
 MAGMA_png_get_sCAL_s;
 MAGMA_png_set_sCAL;
 MAGMA_png_set_sCAL_fixed;
 MAGMA_png_set_sCAL_s;
 MAGMA_png_set_keep_unknown_chunks;
 MAGMA_png_handle_as_unknown;
 MAGMA_png_set_unknown_chunks;
 MAGMA_png_set_unknown_chunk_location;
 MAGMA_png_get_unknown_chunks;
 MAGMA_png_set_invalid;
 MAGMA_png_read_png;
 MAGMA_png_write_png;
 MAGMA_png_get_copyright;
 MAGMA_png_get_header_ver;
 MAGMA_png_get_header_version;
 MAGMA_png_get_libpng_ver;
 MAGMA_png_permit_mng_features;
 MAGMA_png_set_user_limits;
 MAGMA_png_get_user_width_max;
 MAGMA_png_get_user_height_max;
 MAGMA_png_set_chunk_cache_max;
 MAGMA_png_get_chunk_cache_max;
 MAGMA_png_set_chunk_malloc_max;
 MAGMA_png_get_chunk_malloc_max;
 MAGMA_png_get_pixels_per_inch;
 MAGMA_png_get_x_pixels_per_inch;
 MAGMA_png_get_y_pixels_per_inch;
 MAGMA_png_get_x_offset_inches;
 MAGMA_png_get_x_offset_inches_fixed;
 MAGMA_png_get_y_offset_inches;
 MAGMA_png_get_y_offset_inches_fixed;
 MAGMA_png_get_pHYs_dpi;
 MAGMA_png_get_io_state;
 MAGMA_png_get_io_chunk_type;
 MAGMA_png_get_uint_32;
 MAGMA_png_get_uint_16;
 MAGMA_png_get_int_32;
 MAGMA_png_get_uint_31;
 MAGMA_png_save_uint_32;
 MAGMA_png_save_int_32;
 MAGMA_png_save_uint_16;
 MAGMA_png_set_check_for_invalid_index;
 MAGMA_png_get_palette_max;
 MAGMA_png_image_begin_read_from_file;
 MAGMA_png_image_begin_read_from_stdio;
 MAGMA_png_image_begin_read_from_memory;
 MAGMA_png_image_finish_read;
 MAGMA_png_image_free;
 MAGMA_png_image_write_to_file;
 MAGMA_png_image_write_to_stdio;
 MAGMA_png_image_write_to_memory;
 MAGMA_png_set_option;
local: *; };
